app/build/outputs/mapping/debug/seeds.txt
com.futuretech.pdfreaderconverter.dialog.LoadingDialog
com.futuretech.pdfreaderconverter.model.ImageQueue
com.futuretech.pdfreaderconverter.ui.gallery.GalleryScreen
com.futuretech.pdfreaderconverter.ui.filter.FilterScreen
com.futuretech.pdfreaderconverter.ui.base.BaseFragment
com.futuretech.pdfreaderconverter.ui.root.RootFragment
com.futuretech.pdfreaderconverter.model.FileModel
com.futuretech.pdfreaderconverter.ui.editing.EditImageScreen
com.futuretech.pdfreaderconverter.ui.splash.SplashFragment
com.futuretech.pdfreaderconverter.data.db.DB
com.futuretech.pdfreaderconverter.data.db.DB_Impl
com.futuretech.pdfreaderconverter.ui.pdfFileViewer.PdfFileViewerActivity
com.futuretech.pdfreaderconverter.model.RootItem
com.futuretech.pdfreaderconverter.app.AppClass
com.futuretech.pdfreaderconverter.ui.croping.CropScreen
com.futuretech.pdfreaderconverter.model.PdfFile
com.futuretech.pdfreaderconverter.ui.home.HomeFiles
com.futuretech.pdfreaderconverter.model.GalleryModel
com.futuretech.pdfreaderconverter.MainActivity
com.futuretech.pdfreaderconverter.DataBinderMapperImpl
com.futuretech.pdfreaderconverter.ui.camera.CameraScreen
com.futuretech.pdfreaderconverter.model.GalleryModel: android.os.Parcelable$Creator CREATOR
com.futuretech.pdfreaderconverter.model.PdfFile: java.lang.String size
com.futuretech.pdfreaderconverter.model.FileModel: java.lang.String title
com.futuretech.pdfreaderconverter.model.ImageQueue: java.lang.String uriPath
com.futuretech.pdfreaderconverter.model.GalleryModel: long date
com.futuretech.pdfreaderconverter.model.FileModel: int noOfImages
com.futuretech.pdfreaderconverter.model.PdfFile: android.net.Uri uri
com.futuretech.pdfreaderconverter.model.GalleryModel: android.net.Uri uri
com.futuretech.pdfreaderconverter.model.PdfFile: long date
com.futuretech.pdfreaderconverter.model.PdfFile: java.lang.String name
com.futuretech.pdfreaderconverter.model.PdfFile: java.lang.String path
com.futuretech.pdfreaderconverter.model.ImageQueue: boolean isSelected
com.futuretech.pdfreaderconverter.model.RootItem: java.lang.String title
com.futuretech.pdfreaderconverter.model.ImageQueue: int id
com.futuretech.pdfreaderconverter.model.FileModel: java.lang.String timestamp
com.futuretech.pdfreaderconverter.model.FileModel: boolean isPdf
com.futuretech.pdfreaderconverter.model.PdfFile: int id
com.futuretech.pdfreaderconverter.model.ImageQueue: android.os.Parcelable$Creator CREATOR
com.futuretech.pdfreaderconverter.model.FileModel: android.os.Parcelable$Creator CREATOR
com.futuretech.pdfreaderconverter.model.GalleryModel: int id
com.futuretech.pdfreaderconverter.model.FileModel: java.util.ArrayList imageQueueArrayList
com.futuretech.pdfreaderconverter.model.FileModel: int id
com.futuretech.pdfreaderconverter.model.PdfFile: android.os.Parcelable$Creator CREATOR
com.futuretech.pdfreaderconverter.model.GalleryModel: long size
com.futuretech.pdfreaderconverter.model.PdfFile: java.lang.String mimeType
com.futuretech.pdfreaderconverter.model.GalleryModel: boolean isSelected
com.futuretech.pdfreaderconverter.model.RootItem: int icon
com.futuretech.pdfreaderconverter.model.GalleryModel: java.lang.String path
com.futuretech.pdfreaderconverter.model.FileModel: com.futuretech.pdfreaderconverter.model.FileModel copy$default(com.futuretech.pdfreaderconverter.model.FileModel,java.lang.String,java.lang.String,int,java.util.ArrayList,boolean,int,java.lang.Object)
com.futuretech.pdfreaderconverter.model.FileModel: java.lang.String component2()
com.futuretech.pdfreaderconverter.model.GalleryModel: com.futuretech.pdfreaderconverter.model.GalleryModel copy$default(com.futuretech.pdfreaderconverter.model.GalleryModel,int,long,long,android.net.Uri,java.lang.String,boolean,int,java.lang.Object)
com.futuretech.pdfreaderconverter.model.FileModel: <clinit>()
com.futuretech.pdfreaderconverter.model.RootItem: java.lang.String toString()
com.futuretech.pdfreaderconverter.ui.splash.SplashFragment: SplashFragment()
...
androidx.appcompat.widget.AppCompatBackgroundHelper: int mBackgroundResId
kotlinx.coroutines.EventLoopImplBase: java.lang.Object _queue
androidx.appcompat.widget.TintTypedArray: android.content.Context mContext
androidx.appcompat.widget.AppCompatImageButton$InspectionCompanion: int mBackgroundTintModeId
androidx.appcompat.widget.AppCompatToggleButton$InspectionCompanion: int mBackgroundTintModeId
androidx.appcompat.widget.LinearLayoutCompat: boolean mBaselineAligned
androidx.appcompat.widget.TintInfo: boolean mHasTintMode
androidx.appcompat.widget.AppCompatImageButton$InspectionCompanion: boolean mPropertiesMapped
androidx.appcompat.widget.Toolbar: java.lang.CharSequence mCollapseDescription
androidx.appcompat.widget.ActionBarOverlayLayout: int ACTION_BAR_ANIMATE_DELAY
androidx.appcompat.widget.VectorEnabledTintResources: int MAX_SDK_WHERE_REQUIRED
androidx.appcompat.widget.Toolbar$SavedState: boolean isOverflowOpen
androidx.appcompat.widget.ToolbarWidgetWrapper: android.view.View mCustomView
androidx.appcompat.widget.ActivityChooserView: android.database.DataSetObserver mModelDataSetObserver
com.google.android.gms.ads.formats.AdManagerAdViewOptions: android.os.Parcelable$Creator CREATOR
androidx.appcompat.widget.SearchView: android.content.Intent mVoiceWebSearchIntent
androidx.appcompat.widget.ActionMenuPresenter: androidx.appcompat.widget.ActionMenuPresenter$OverflowMenuButton mOverflowButton
androidx.appcompat.widget.LinearLayoutCompat$InspectionCompanion: int mGravityId
androidx.appcompat.widget.ThemeUtils: java.lang.ThreadLocal TL_TYPED_VALUE
com.google.android.gms.internal.measurement.zzej: boolean zzi
androidx.appcompat.widget.Toolbar: androidx.appcompat.widget.Toolbar$OnMenuItemClickListener mOnMenuItemClickListener
androidx.appcompat.widget.ListPopupWindow: android.content.Context mContext
androidx.appcompat.widget.TooltipPopup: android.view.WindowManager$LayoutParams mLayoutParams
androidx.appcompat.widget.AppCompatButton$InspectionCompanion: int mAutoSizeMaxTextSizeId
androidx.appcompat.widget.SwitchCompat: int SERIF
androidx.cursoradapter.widget.CursorAdapter: boolean mAutoRequery
androidx.appcompat.widget.ActivityChooserView$3: androidx.appcompat.widget.ActivityChooserView this$0
com.google.android.gms.internal.measurement.zzex: int zzf
androidx.appcompat.widget.DrawableUtils$Api18Impl: java.lang.reflect.Field sTop
androidx.appcompat.widget.AppCompatRatingBar: androidx.appcompat.widget.AppCompatProgressBarHelper mAppCompatProgressBarHelper
androidx.appcompat.widget.LinearLayoutCompat: int SHOW_DIVIDER_BEGINNING
com.google.android.gms.internal.measurement.zzfk: com.google.android.gms.internal.measurement.zzfk zza
androidx.appcompat.widget.ListPopupWindow: int INPUT_METHOD_FROM_FOCUSABLE
androidx.appcompat.widget.SwitchCompat: android.util.Property THUMB_POS
androidx.appcompat.widget.SwitchCompat: int TOUCH_MODE_IDLE
androidx.appcompat.widget.AppCompatCheckedTextView: androidx.appcompat.widget.AppCompatCheckedTextViewHelper mCheckedHelper
androidx.appcompat.widget.VectorEnabledTintResources: boolean sCompatVectorFromResourcesEnabled
androidx.appcompat.widget.SwitchCompat: android.content.res.ColorStateList mThumbTintList
kotlinx.coroutines.EventLoopImplBase: int _isCompleted
com.google.android.gms.internal.measurement.zzfy: long zzV
com.google.android.gms.internal.measurement.zzfc: java.lang.String zzl
com.google.android.gms.internal.measurement.zzgh: long zzi
com.google.android.gms.measurement.internal.zzat: android.os.Parcelable$Creator CREATOR
androidx.appcompat.widget.ActionMenuPresenter$ActionButtonSubmenu: androidx.appcompat.widget.ActionMenuPresenter this$0
androidx.appcompat.widget.ActionBarBackgroundDrawable: androidx.appcompat.widget.ActionBarContainer mContainer
androidx.appcompat.widget.PopupMenu$3: androidx.appcompat.widget.PopupMenu this$0
androidx.appcompat.widget.ActivityChooserModel: java.lang.String ATTRIBUTE_TIME
androidx.appcompat.widget.LinearLayoutCompat: int mShowDividers