app/build/outputs/mapping/debug/usage.txt
com.futuretech.pdfreaderconverter.BR
com.futuretech.pdfreaderconverter.BuildConfig:
    public static final java.lang.String APPLICATION_ID
    public static final java.lang.String BUILD_TYPE
    public static final int VERSION_CODE
    public static final java.lang.String VERSION_NAME
    public void <init>()
com.futuretech.pdfreaderconverter.DataBinderMapperImpl$InnerBrLookup
com.futuretech.pdfreaderconverter.DataBinderMapperImpl$InnerLayoutIdLookup
com.futuretech.pdfreaderconverter.DataBinderMapperImpl:
    private static final int LAYOUT_ACTIVITYCAMERASCREEN
    private static final int LAYOUT_ACTIVITYCROPSCREEN
    private static final int LAYOUT_ACTIVITYEDITIMAGESCREEN
    private static final int LAYOUT_ACTIVITYFILTERSCREEN
    private static final int LAYOUT_ACTIVITYGALLERYSCREEN
    private static final int LAYOUT_ACTIVITYHOMEFILES
    private static final int LAYOUT_ACTIVITYMAIN
    private static final int LAYOUT_ACTIVITYPDFFILEVIEWER
    private static final int LAYOUT_DIALOGCONFIRMATION
    private static final int LAYOUT_DIALOGPDFPASSWORD
    private static final int LAYOUT_DIALOGSAVEASPDF
    private static final int LAYOUT_FILEOPERATIONDIALOG
    private static final int LAYOUT_FRAGMENTEDITIMAGE
    private static final int LAYOUT_FRAGMENTPDFFILES
    private static final int LAYOUT_FRAGMENTROOT
    private static final int LAYOUT_FRAGMENTSPLASH
    private static final int LAYOUT_ITEMCOLORSLIST
    private static final int LAYOUT_ITEMFILTERLIST
    private static final int LAYOUT_ITEMGALLERY
    private static final int LAYOUT_ITEMHOME
    private static final int LAYOUT_ITEMHOMEDIALOG
    private static final int LAYOUT_ITEMLISTPDFFILES
    private static final int LAYOUT_LAYOUTMAINTOOLBAR
    private static final int LAYOUT_LAYOUTROOTITEM
    private static final int LAYOUT_LAYOUTSEARCHITEM
    private static final int LAYOUT_LOADINGDIALOG
    public java.lang.String convertBrIdToString(int)
com.futuretech.pdfreaderconverter.DataBindingTriggerClass
com.futuretech.pdfreaderconverter.MainActivity:
    public void _$_clearFindViewByIdCache()
    public android.view.View _$_findCachedViewById(int)
com.futuretech.pdfreaderconverter.R$anim
com.futuretech.pdfreaderconverter.R$color
com.futuretech.pdfreaderconverter.R$drawable
com.futuretech.pdfreaderconverter.R$font
com.futuretech.pdfreaderconverter.R$id:
    public static final int action_splashFragment_to_rootFragment
    public static final int ad_advertiser
    public static final int ad_app_icon
    public static final int ad_call_to_action
    public static final int ad_headline
    public static final int ad_media
    public static final int cLApply
    public static final int cLBackStartCamera
    public static final int cLBatchMode
    public static final int cLBottom
    public static final int cLCameraOverlay
    public static final int cLCancelDelete
    public static final int cLCancelSave
    public static final int cLCounter
    public static final int cLCropImage
    public static final int cLCropPreview
    public static final int cLDone
    public static final int cLEditText
    public static final int cLFilterImage
    public static final int cLFilterImages
    public static final int cLFilterItem
    public static final int cLFitImage
    public static final int cLFlip
    public static final int cLImportFromGallery
    public static final int cLMain
    public static final int cLMedia
    public static final int cLNoItem
    public static final int cLNoSearchItem
    public static final int cLPdfIcon
    public static final int cLRemoveImage
    public static final int cLRotate
    public static final int cLSaveAsGallery
    public static final int cLSearchBar
    public static final int cLSignature
    public static final int cLText
com.futuretech.pdfreaderconverter.R$layout
com.futuretech.pdfreaderconverter.R$menu
com.futuretech.pdfreaderconverter.R$mipmap
com.futuretech.pdfreaderconverter.R$navigation
...
com.itextpdf.testutils.CompareTool$ObjectPath$ArrayPathItem
com.itextpdf.testutils.CompareTool$ObjectPath$DictPathItem
com.itextpdf.testutils.CompareTool$ObjectPath$OffsetPathItem
com.itextpdf.testutils.CompareTool$ObjectPath$Pair
com.itextpdf.testutils.CompareTool$ObjectPath$PathItem
com.itextpdf.testutils.CompareTool$ObjectPath
com.itextpdf.testutils.CompareTool$PngFileFilter
com.itextpdf.testutils.CompareTool
com.itextpdf.testutils.ITextTest
com.itextpdf.text.Anchor:
    private static final long serialVersionUID
    public void <init>(float)
    public void <init>(float,com.itextpdf.text.Chunk)
    public void <init>(float,java.lang.String)
    public void <init>(float,java.lang.String,com.itextpdf.text.Font)
    public void <init>(com.itextpdf.text.Chunk)
    public void <init>(com.itextpdf.text.Phrase)
    public void <init>(java.lang.String)
    public void <init>(java.lang.String,com.itextpdf.text.Font)
    public java.lang.String getName()
    public java.net.URL getUrl()
    public void setName(java.lang.String)
    public void setReference(java.lang.String)
com.itextpdf.text.Annotation:
    public static final java.lang.String APPLICATION
    public static final java.lang.String CONTENT
    public static final java.lang.String DEFAULTDIR
    public static final java.lang.String DESTINATION
    public static final java.lang.String FILE
    public static final int FILE_DEST
    public static final int FILE_PAGE
    public static final int LAUNCH
    public static final java.lang.String LLX
    public static final java.lang.String LLY
    public static final java.lang.String MIMETYPE
    public static final java.lang.String NAMED
    public static final int NAMED_DEST
    public static final java.lang.String OPERATION
    public static final java.lang.String PAGE
    public static final java.lang.String PARAMETERS
    public static final int SCREEN
    public static final int TEXT
    public static final java.lang.String TITLE
    public static final java.lang.String URL
    public static final int URL_AS_STRING
    public static final int URL_NET
    public static final java.lang.String URX
    public static final java.lang.String URY
    private void <init>(float,float,float,float)
    public void <init>(float,float,float,float,int)
    public void <init>(float,float,float,float,java.lang.String)
    public void <init>(float,float,float,float,java.lang.String,int)
    public void <init>(float,float,float,float,java.lang.String,java.lang.String)
com.itextpdf.text.BadElementException:
    private static final long serialVersionUID
    void <init>()
    public void <init>(java.lang.Exception)
com.itextpdf.text.BaseColor:
    private static final double FACTOR
    public void <init>(int)
    public com.itextpdf.text.BaseColor brighter()
    public com.itextpdf.text.BaseColor darker()
com.itextpdf.text.Chapter:
    private static final long serialVersionUID
    public void <init>(int)
    public void <init>(com.itextpdf.text.Paragraph,int)
    public void <init>(java.lang.String,int)
com.itextpdf.text.ChapterAutoNumber:
    private static final long serialVersionUID
    public void <init>(com.itextpdf.text.Paragraph)
    public void <init>(java.lang.String)
    public com.itextpdf.text.Section addSection(com.itextpdf.text.Paragraph)
    public com.itextpdf.text.Section addSection(java.lang.String)